<?xml version="1.0" encoding="UTF-8"?>
<testsuite name="com.bridgelabz.MyLinkedListTest" tests="1" skipped="0" failures="0" errors="0" timestamp="2021-03-26T17:11:09" hostname="DESKTOP-0QBG6NF" time="0.08">
  <properties/>
  <testcase name="givenElementToSearchWhenMatchShouldPassLinkedListResult()" classname="com.bridgelabz.MyLinkedListTest" time="0.08"/>
  <system-out><![CDATA[]]></system-out>
  <system-err><![CDATA[]]></system-err>
</testsuite>
