<?xml version="1.0" encoding="UTF-8"?>
<testsuite name="com.bridgelabz.MyNodeTest" tests="1" skipped="0" failures="0" errors="0" timestamp="2021-03-25T17:39:16" hostname="DESKTOP-0QBG6NF" time="0.025">
  <properties/>
  <testcase name="given3NumberWhenLinkedShouldPassedLinkedListTest()" classname="com.bridgelabz.MyNodeTest" time="0.025"/>
  <system-out><![CDATA[]]></system-out>
  <system-err><![CDATA[]]></system-err>
</testsuite>
