<?xml version="1.0" encoding="UTF-8"?>
<testsuite name="com.bridgelabz.MyLinkedListTest" tests="1" skipped="0" failures="0" errors="0" timestamp="2021-03-26T19:29:48" hostname="DESKTOP-0QBG6NF" time="0.044">
  <properties/>
  <testcase name="given4NumbersWhenInsertingThirdInBetweenShouldPassLinkedListResult()" classname="com.bridgelabz.MyLinkedListTest" time="0.044"/>
  <system-out><![CDATA[print statement
My Nodes: 56->30->40->70
]]></system-out>
  <system-err><![CDATA[]]></system-err>
</testsuite>
